[     154ms] [INFO] %cDownload the React DevTools for a better development experience: https://react.dev/link/react-devtools font-weight:bold @ http://localhost:3000/_next/static/chunks/adf63_next_dist_dea78a15._.js:2297
[     176ms] [LOG] [HMR] connected @ http://localhost:3000/_next/static/chunks/adf63_next_dist_dea78a15._.js:2297
[     199ms] [LOG] [ModalWrapper] isOpen: false isVisible: false isAnimating: false @ http://localhost:3000/_next/static/chunks/adf63_next_dist_dea78a15._.js:2297
[     199ms] [LOG] [ModalWrapper] returning null (isVisible=false) @ http://localhost:3000/_next/static/chunks/adf63_next_dist_dea78a15._.js:2297
[     199ms] [LOG] [ModalWrapper] isOpen: false isVisible: false isAnimating: false @ http://localhost:3000/_next/static/chunks/adf63_next_dist_dea78a15._.js:2297
[     199ms] [LOG] [ModalWrapper] returning null (isVisible=false) @ http://localhost:3000/_next/static/chunks/adf63_next_dist_dea78a15._.js:2297
[     277ms] [LOG] [ModalWrapper] isOpen: false isVisible: false isAnimating: false @ http://localhost:3000/_next/static/chunks/adf63_next_dist_dea78a15._.js:2297
[     277ms] [LOG] [ModalWrapper] returning null (isVisible=false) @ http://localhost:3000/_next/static/chunks/adf63_next_dist_dea78a15._.js:2297
[     277ms] [LOG] [ModalWrapper] isOpen: false isVisible: false isAnimating: false @ http://localhost:3000/_next/static/chunks/adf63_next_dist_dea78a15._.js:2297
[     277ms] [LOG] [ModalWrapper] returning null (isVisible=false) @ http://localhost:3000/_next/static/chunks/adf63_next_dist_dea78a15._.js:2297
[     314ms] [LOG] [MarketplaceOrdersFeature] selectedOrder: undefined orders count: 0 queuedOrders: 0 @ http://localhost:3000/_next/static/chunks/adf63_next_dist_dea78a15._.js:2297
[     319ms] [LOG] [MarketplaceOrdersFeature] selectedOrder: undefined orders count: 0 queuedOrders: 0 @ http://localhost:3000/_next/static/chunks/adf63_next_dist_dea78a15._.js:2297
[     324ms] [LOG] [MarketplaceDetailModal] order: undefined truthy: false @ http://localhost:3000/_next/static/chunks/adf63_next_dist_dea78a15._.js:2297
[     324ms] [LOG] [MarketplaceDetailModal] order: undefined truthy: false @ http://localhost:3000/_next/static/chunks/adf63_next_dist_dea78a15._.js:2297
[     327ms] [LOG] 
>>> [MQTT:CONNECT] Conectando (CLIENT): wss://v1106ae1.ala.us-east-1.emqxsl.com:8084/mqtt clientId=medizin_terminal_01ks6fz9yxr6eam695w78qejy8_ers9w3 @ http://localhost:3000/_next/static/chunks/adf63_next_dist_dea78a15._.js:2297
[     371ms] [LOG] [ModalWrapper] isOpen: false isVisible: false isAnimating: false @ http://localhost:3000/_next/static/chunks/adf63_next_dist_dea78a15._.js:2297
[     371ms] [LOG] [ModalWrapper] returning null (isVisible=false) @ http://localhost:3000/_next/static/chunks/adf63_next_dist_dea78a15._.js:2297
[     372ms] [LOG] [ModalWrapper] isOpen: false isVisible: false isAnimating: false @ http://localhost:3000/_next/static/chunks/adf63_next_dist_dea78a15._.js:2297
[     372ms] [LOG] [ModalWrapper] returning null (isVisible=false) @ http://localhost:3000/_next/static/chunks/adf63_next_dist_dea78a15._.js:2297
[     374ms] [LOG] [ModalWrapper] isOpen: false isVisible: false isAnimating: false @ http://localhost:3000/_next/static/chunks/adf63_next_dist_dea78a15._.js:2297
[     375ms] [LOG] [ModalWrapper] returning null (isVisible=false) @ http://localhost:3000/_next/static/chunks/adf63_next_dist_dea78a15._.js:2297
[     375ms] [LOG] [ModalWrapper] isOpen: false isVisible: false isAnimating: false @ http://localhost:3000/_next/static/chunks/adf63_next_dist_dea78a15._.js:2297
[     375ms] [LOG] [ModalWrapper] returning null (isVisible=false) @ http://localhost:3000/_next/static/chunks/adf63_next_dist_dea78a15._.js:2297
[     421ms] [LOG] [ModalWrapper] isOpen: false isVisible: false isAnimating: false @ http://localhost:3000/_next/static/chunks/adf63_next_dist_dea78a15._.js:2297
[     421ms] [LOG] [ModalWrapper] returning null (isVisible=false) @ http://localhost:3000/_next/static/chunks/adf63_next_dist_dea78a15._.js:2297
[     421ms] [LOG] [ModalWrapper] isOpen: false isVisible: false isAnimating: false @ http://localhost:3000/_next/static/chunks/adf63_next_dist_dea78a15._.js:2297
[     421ms] [LOG] [ModalWrapper] returning null (isVisible=false) @ http://localhost:3000/_next/static/chunks/adf63_next_dist_dea78a15._.js:2297
[     429ms] [LOG] [ModalWrapper] isOpen: false isVisible: false isAnimating: false @ http://localhost:3000/_next/static/chunks/adf63_next_dist_dea78a15._.js:2297
[     429ms] [LOG] [ModalWrapper] returning null (isVisible=false) @ http://localhost:3000/_next/static/chunks/adf63_next_dist_dea78a15._.js:2297
[     429ms] [LOG] [ModalWrapper] isOpen: false isVisible: false isAnimating: false @ http://localhost:3000/_next/static/chunks/adf63_next_dist_dea78a15._.js:2297
[     430ms] [LOG] [ModalWrapper] returning null (isVisible=false) @ http://localhost:3000/_next/static/chunks/adf63_next_dist_dea78a15._.js:2297
[     446ms] [LOG] [ModalWrapper] isOpen: false isVisible: false isAnimating: false @ http://localhost:3000/_next/static/chunks/adf63_next_dist_dea78a15._.js:2297
[     446ms] [LOG] [ModalWrapper] returning null (isVisible=false) @ http://localhost:3000/_next/static/chunks/adf63_next_dist_dea78a15._.js:2297
[     446ms] [LOG] [ModalWrapper] isOpen: false isVisible: false isAnimating: false @ http://localhost:3000/_next/static/chunks/adf63_next_dist_dea78a15._.js:2297
[     446ms] [LOG] [ModalWrapper] returning null (isVisible=false) @ http://localhost:3000/_next/static/chunks/adf63_next_dist_dea78a15._.js:2297
[     562ms] [LOG] [MarketplaceOrdersFeature] selectedOrder: undefined orders count: 0 queuedOrders: 4 @ http://localhost:3000/_next/static/chunks/adf63_next_dist_dea78a15._.js:2297
[     562ms] [LOG] [MarketplaceOrdersFeature] selectedOrder: undefined orders count: 0 queuedOrders: 4 @ http://localhost:3000/_next/static/chunks/adf63_next_dist_dea78a15._.js:2297
[     564ms] [LOG] [MarketplaceDetailModal] order: undefined truthy: false @ http://localhost:3000/_next/static/chunks/adf63_next_dist_dea78a15._.js:2297
[     565ms] [LOG] [MarketplaceDetailModal] order: undefined truthy: false @ http://localhost:3000/_next/static/chunks/adf63_next_dist_dea78a15._.js:2297
[     602ms] [LOG] [MarketplaceOrdersFeature] selectedOrder: undefined orders count: 0 queuedOrders: 4 @ http://localhost:3000/_next/static/chunks/adf63_next_dist_dea78a15._.js:2297
[     602ms] [LOG] [MarketplaceOrdersFeature] selectedOrder: undefined orders count: 0 queuedOrders: 4 @ http://localhost:3000/_next/static/chunks/adf63_next_dist_dea78a15._.js:2297
[     616ms] [LOG] [MarketplaceDetailModal] order: undefined truthy: false @ http://localhost:3000/_next/static/chunks/adf63_next_dist_dea78a15._.js:2297
[     617ms] [LOG] [MarketplaceDetailModal] order: undefined truthy: false @ http://localhost:3000/_next/static/chunks/adf63_next_dist_dea78a15._.js:2297
[     627ms] [LOG] >>> [MQTT:CONNECT] Servidor Conectado y Autenticado @ http://localhost:3000/_next/static/chunks/adf63_next_dist_dea78a15._.js:2297
[     627ms] [LOG] 
>>> [MQTT:SUB] Armando escucha para Marketplace: 01ks6fz9yxr6eam695w78qejy8 @ http://localhost:3000/_next/static/chunks/adf63_next_dist_dea78a15._.js:2297
[     627ms] [LOG] 
>>> [MQTT:SUB] Suscribiendo inventario para: 01ks6fz9yxr6eam695w78qejy8 @ http://localhost:3000/_next/static/chunks/adf63_next_dist_dea78a15._.js:2297
[     627ms] [LOG] 
>>> [MQTT:SUB] Armando escucha para Marketplace: 01ks6fz9yxr6eam695w78qejy8 @ http://localhost:3000/_next/static/chunks/adf63_next_dist_dea78a15._.js:2297
[     627ms] [LOG] 
>>> [MQTT:SUB] Suscribiendo inventario para: 01ks6fz9yxr6eam695w78qejy8 @ http://localhost:3000/_next/static/chunks/adf63_next_dist_dea78a15._.js:2297
[     628ms] [LOG] [ModalWrapper] isOpen: false isVisible: false isAnimating: false @ http://localhost:3000/_next/static/chunks/adf63_next_dist_dea78a15._.js:2297
[     628ms] [LOG] [ModalWrapper] returning null (isVisible=false) @ http://localhost:3000/_next/static/chunks/adf63_next_dist_dea78a15._.js:2297
[     629ms] [LOG] [ModalWrapper] isOpen: false isVisible: false isAnimating: false @ http://localhost:3000/_next/static/chunks/adf63_next_dist_dea78a15._.js:2297
[     629ms] [LOG] [ModalWrapper] returning null (isVisible=false) @ http://localhost:3000/_next/static/chunks/adf63_next_dist_dea78a15._.js:2297
[     629ms] [LOG] [MarketplaceOrdersFeature] selectedOrder: undefined orders count: 0 queuedOrders: 4 @ http://localhost:3000/_next/static/chunks/adf63_next_dist_dea78a15._.js:2297
[     630ms] [LOG] [MarketplaceOrdersFeature] selectedOrder: undefined orders count: 0 queuedOrders: 4 @ http://localhost:3000/_next/static/chunks/adf63_next_dist_dea78a15._.js:2297
[     640ms] [LOG] [MarketplaceDetailModal] order: undefined truthy: false @ http://localhost:3000/_next/static/chunks/adf63_next_dist_dea78a15._.js:2297
[     640ms] [LOG] [MarketplaceDetailModal] order: undefined truthy: false @ http://localhost:3000/_next/static/chunks/adf63_next_dist_dea78a15._.js:2297
[     690ms] [LOG] [ModalWrapper] isOpen: false isVisible: false isAnimating: false @ http://localhost:3000/_next/static/chunks/adf63_next_dist_dea78a15._.js:2297
[     690ms] [LOG] [ModalWrapper] returning null (isVisible=false) @ http://localhost:3000/_next/static/chunks/adf63_next_dist_dea78a15._.js:2297
[     690ms] [LOG] [ModalWrapper] isOpen: false isVisible: false isAnimating: false @ http://localhost:3000/_next/static/chunks/adf63_next_dist_dea78a15._.js:2297
[     690ms] [LOG] [ModalWrapper] returning null (isVisible=false) @ http://localhost:3000/_next/static/chunks/adf63_next_dist_dea78a15._.js:2297
[     712ms] [LOG] >>> [MQTT:SUB_OK] Suscripción confirmada @ http://localhost:3000/_next/static/chunks/adf63_next_dist_dea78a15._.js:2297
[     714ms] [LOG] >>> [MQTT:SUB_INVENTORY_OK] Inventario suscrito @ http://localhost:3000/_next/static/chunks/adf63_next_dist_dea78a15._.js:2297
[     715ms] [LOG] >>> [MQTT:SUB_OK] Suscripción confirmada @ http://localhost:3000/_next/static/chunks/adf63_next_dist_dea78a15._.js:2297
[     715ms] [LOG] >>> [MQTT:SUB_INVENTORY_OK] Inventario suscrito @ http://localhost:3000/_next/static/chunks/adf63_next_dist_dea78a15._.js:2297
[     818ms] [LOG] [ModalWrapper] isOpen: false isVisible: false isAnimating: false @ http://localhost:3000/_next/static/chunks/adf63_next_dist_dea78a15._.js:2297
[     818ms] [LOG] [ModalWrapper] returning null (isVisible=false) @ http://localhost:3000/_next/static/chunks/adf63_next_dist_dea78a15._.js:2297
[     818ms] [LOG] [ModalWrapper] isOpen: false isVisible: false isAnimating: false @ http://localhost:3000/_next/static/chunks/adf63_next_dist_dea78a15._.js:2297
[     818ms] [LOG] [ModalWrapper] returning null (isVisible=false) @ http://localhost:3000/_next/static/chunks/adf63_next_dist_dea78a15._.js:2297
[   25581ms] [LOG] [TABLE:queued] _source: redis orderId: 01kwdshmp8ewksgwn44wp1s90w @ http://localhost:3000/_next/static/chunks/adf63_next_dist_dea78a15._.js:2297
[   25582ms] [LOG] [TABLE:queued] redis -> onView {id: 01kwdshmp8ewksgwn44wp1s90w, client: Object, date: 2026-07-01T03:36:50.558Z, saleType: Marketplace, saleStatus: Pending} @ http://localhost:3000/_next/static/chunks/adf63_next_dist_dea78a15._.js:2297
[   25583ms] [LOG] [MarketplaceOrdersFeature] selectedOrder: 01kwdshmp8ewksgwn44wp1s90w orders count: 0 queuedOrders: 4 @ http://localhost:3000/_next/static/chunks/adf63_next_dist_dea78a15._.js:2297
[   25583ms] [LOG] [MarketplaceOrdersFeature] selectedOrder: 01kwdshmp8ewksgwn44wp1s90w orders count: 0 queuedOrders: 4 @ http://localhost:3000/_next/static/chunks/adf63_next_dist_dea78a15._.js:2297
[   25599ms] [LOG] [MarketplaceDetailModal] order: 01kwdshmp8ewksgwn44wp1s90w truthy: true @ http://localhost:3000/_next/static/chunks/adf63_next_dist_dea78a15._.js:2297
[   25599ms] [LOG] [MarketplaceDetailModal] RENDERING modal for 01kwdshmp8ewksgwn44wp1s90w @ http://localhost:3000/_next/static/chunks/adf63_next_dist_dea78a15._.js:2297
[   25602ms] [LOG] [MarketplaceDetailModal] order: 01kwdshmp8ewksgwn44wp1s90w truthy: true @ http://localhost:3000/_next/static/chunks/adf63_next_dist_dea78a15._.js:2297
[   25602ms] [LOG] [MarketplaceDetailModal] RENDERING modal for 01kwdshmp8ewksgwn44wp1s90w @ http://localhost:3000/_next/static/chunks/adf63_next_dist_dea78a15._.js:2297
[   25603ms] [LOG] [ModalWrapper] isOpen: true isVisible: false isAnimating: false @ http://localhost:3000/_next/static/chunks/adf63_next_dist_dea78a15._.js:2297
[   25604ms] [LOG] [ModalWrapper] returning null (isVisible=false) @ http://localhost:3000/_next/static/chunks/adf63_next_dist_dea78a15._.js:2297
[   25604ms] [LOG] [ModalWrapper] isOpen: true isVisible: false isAnimating: false @ http://localhost:3000/_next/static/chunks/adf63_next_dist_dea78a15._.js:2297
[   25604ms] [LOG] [ModalWrapper] returning null (isVisible=false) @ http://localhost:3000/_next/static/chunks/adf63_next_dist_dea78a15._.js:2297
[   25612ms] [LOG] [ModalWrapper] isOpen: true isVisible: true isAnimating: false @ http://localhost:3000/_next/static/chunks/adf63_next_dist_dea78a15._.js:2297
[   25612ms] [LOG] [ModalWrapper] isOpen: true isVisible: true isAnimating: false @ http://localhost:3000/_next/static/chunks/adf63_next_dist_dea78a15._.js:2297
[   25627ms] [LOG] [ModalWrapper] isOpen: true isVisible: true isAnimating: true @ http://localhost:3000/_next/static/chunks/adf63_next_dist_dea78a15._.js:2297
[   25627ms] [LOG] [ModalWrapper] isOpen: true isVisible: true isAnimating: true @ http://localhost:3000/_next/static/chunks/adf63_next_dist_dea78a15._.js:2297
[   60221ms] [LOG] [ModalWrapper] isOpen: false isVisible: false isAnimating: false @ http://localhost:3000/_next/static/chunks/adf63_next_dist_dea78a15._.js:2297
[   60222ms] [LOG] [ModalWrapper] returning null (isVisible=false) @ http://localhost:3000/_next/static/chunks/adf63_next_dist_dea78a15._.js:2297
[   60222ms] [LOG] [ModalWrapper] isOpen: false isVisible: false isAnimating: false @ http://localhost:3000/_next/static/chunks/adf63_next_dist_dea78a15._.js:2297
[   60222ms] [LOG] [ModalWrapper] returning null (isVisible=false) @ http://localhost:3000/_next/static/chunks/adf63_next_dist_dea78a15._.js:2297
[   60234ms] [LOG] [ModalWrapper] isOpen: false isVisible: false isAnimating: false @ http://localhost:3000/_next/static/chunks/adf63_next_dist_dea78a15._.js:2297
[   60234ms] [LOG] [ModalWrapper] returning null (isVisible=false) @ http://localhost:3000/_next/static/chunks/adf63_next_dist_dea78a15._.js:2297
[   60234ms] [LOG] [ModalWrapper] isOpen: false isVisible: false isAnimating: false @ http://localhost:3000/_next/static/chunks/adf63_next_dist_dea78a15._.js:2297
[   60234ms] [LOG] [ModalWrapper] returning null (isVisible=false) @ http://localhost:3000/_next/static/chunks/adf63_next_dist_dea78a15._.js:2297
[   60415ms] [ERROR] Failed to load resource: the server responded with a status of 502 (Bad Gateway) @ http://localhost:3000/api/proxy:0
[   60423ms] [LOG] [ModalWrapper] isOpen: false isVisible: false isAnimating: false @ http://localhost:3000/_next/static/chunks/adf63_next_dist_dea78a15._.js:2297
[   60423ms] [LOG] [ModalWrapper] returning null (isVisible=false) @ http://localhost:3000/_next/static/chunks/adf63_next_dist_dea78a15._.js:2297
[   60423ms] [LOG] [ModalWrapper] isOpen: false isVisible: false isAnimating: false @ http://localhost:3000/_next/static/chunks/adf63_next_dist_dea78a15._.js:2297
[   60423ms] [LOG] [ModalWrapper] returning null (isVisible=false) @ http://localhost:3000/_next/static/chunks/adf63_next_dist_dea78a15._.js:2297
[   60480ms] [ERROR] Access to XMLHttpRequest at 'https://medizins.com/admin/Orders/SearchOrders?id_group=01ks6f5cqtes4mtwtmqcyg6wn5&id_pharmacy=01ks6fz9yxr6eam695w78qejy8' from origin 'http://localhost:3000' has been blocked by CORS policy: No 'Access-Control-Allow-Origin' header is present on the requested resource. @ http://localhost:3000/marketplace:0
[   60481ms] [ERROR] Failed to load resource: net::ERR_FAILED @ https://medizins.com/admin/Orders/SearchOrders?id_group=01ks6f5cqtes4mtwtmqcyg6wn5&id_pharmacy=01ks6fz9yxr6eam695w78qejy8:0
[   61632ms] [ERROR] Access to XMLHttpRequest at 'https://medizins.com/admin/Orders/SearchOrders?id_group=01ks6f5cqtes4mtwtmqcyg6wn5&id_pharmacy=01ks6fz9yxr6eam695w78qejy8' from origin 'http://localhost:3000' has been blocked by CORS policy: No 'Access-Control-Allow-Origin' header is present on the requested resource. @ http://localhost:3000/marketplace:0
[   61633ms] [ERROR] Failed to load resource: net::ERR_FAILED @ https://medizins.com/admin/Orders/SearchOrders?id_group=01ks6f5cqtes4mtwtmqcyg6wn5&id_pharmacy=01ks6fz9yxr6eam695w78qejy8:0
[   93039ms] [LOG] [Fast Refresh] rebuilding @ http://localhost:3000/_next/static/chunks/adf63_next_dist_dea78a15._.js:2297
[   93252ms] [LOG] [Fast Refresh] done in 276ms @ http://localhost:3000/_next/static/chunks/adf63_next_dist_dea78a15._.js:2297
[   97964ms] [LOG] [Fast Refresh] rebuilding @ http://localhost:3000/_next/static/chunks/adf63_next_dist_dea78a15._.js:2297
[   97988ms] [LOG] [Fast Refresh] done in 71ms @ http://localhost:3000/_next/static/chunks/adf63_next_dist_dea78a15._.js:2297
[  102589ms] [LOG] [Fast Refresh] rebuilding @ http://localhost:3000/_next/static/chunks/adf63_next_dist_dea78a15._.js:2297
[  102600ms] [LOG] [ModalWrapper] isOpen: true isVisible: true isAnimating: true @ http://localhost:3000/_next/static/chunks/adf63_next_dist_dea78a15._.js:2297
[  102602ms] [LOG] [ModalWrapper] isOpen: true isVisible: true isAnimating: true @ http://localhost:3000/_next/static/chunks/adf63_next_dist_dea78a15._.js:2297
[  102618ms] [LOG] [Fast Refresh] done in 104ms @ http://localhost:3000/_next/static/chunks/adf63_next_dist_dea78a15._.js:2297
[  105480ms] [ERROR] Access to XMLHttpRequest at 'https://medizins.com/admin/Orders/SearchOrders?id_group=01ks6f5cqtes4mtwtmqcyg6wn5&id_pharmacy=01ks6fz9yxr6eam695w78qejy8' from origin 'http://localhost:3000' has been blocked by CORS policy: No 'Access-Control-Allow-Origin' header is present on the requested resource. @ http://localhost:3000/marketplace:0
[  105481ms] [ERROR] Failed to load resource: net::ERR_FAILED @ https://medizins.com/admin/Orders/SearchOrders?id_group=01ks6f5cqtes4mtwtmqcyg6wn5&id_pharmacy=01ks6fz9yxr6eam695w78qejy8:0
[  108259ms] [LOG] [Fast Refresh] rebuilding @ http://localhost:3000/_next/static/chunks/adf63_next_dist_dea78a15._.js:2297
[  108278ms] [LOG] [ModalWrapper] isOpen: true isVisible: true isAnimating: true @ http://localhost:3000/_next/static/chunks/adf63_next_dist_dea78a15._.js:2297
[  108278ms] [LOG] [ModalWrapper] isOpen: true isVisible: true isAnimating: true @ http://localhost:3000/_next/static/chunks/adf63_next_dist_dea78a15._.js:2297
[  108297ms] [LOG] [ModalWrapper] isOpen: true isVisible: true isAnimating: true @ http://localhost:3000/_next/static/chunks/adf63_next_dist_dea78a15._.js:2297
[  108298ms] [LOG] [ModalWrapper] isOpen: true isVisible: true isAnimating: true @ http://localhost:3000/_next/static/chunks/adf63_next_dist_dea78a15._.js:2297
[  108301ms] [LOG] [Fast Refresh] done in 51ms @ http://localhost:3000/_next/static/chunks/adf63_next_dist_dea78a15._.js:2297
[  114074ms] [LOG] [Fast Refresh] rebuilding @ http://localhost:3000/_next/static/chunks/adf63_next_dist_dea78a15._.js:2297
[  114077ms] [LOG] [ModalWrapper] returning null (isVisible=false) @ http://localhost:3000/_next/static/chunks/adf63_next_dist_dea78a15._.js:2297
[  114077ms] [LOG] [ModalWrapper] returning null (isVisible=false) @ http://localhost:3000/_next/static/chunks/adf63_next_dist_dea78a15._.js:2297
[  114078ms] [LOG] [ModalWrapper] returning null (isVisible=false) @ http://localhost:3000/_next/static/chunks/adf63_next_dist_dea78a15._.js:2297
[  114078ms] [LOG] [ModalWrapper] returning null (isVisible=false) @ http://localhost:3000/_next/static/chunks/adf63_next_dist_dea78a15._.js:2297
[  114080ms] [LOG] [ModalWrapper] returning null (isVisible=false) @ http://localhost:3000/_next/static/chunks/adf63_next_dist_dea78a15._.js:2297
[  114080ms] [LOG] [ModalWrapper] returning null (isVisible=false) @ http://localhost:3000/_next/static/chunks/adf63_next_dist_dea78a15._.js:2297
[  114102ms] [LOG] [Fast Refresh] done in 55ms @ http://localhost:3000/_next/static/chunks/adf63_next_dist_dea78a15._.js:2297
[  119210ms] [LOG] [Fast Refresh] rebuilding @ http://localhost:3000/_next/static/chunks/adf63_next_dist_dea78a15._.js:2297
[  119237ms] [LOG] [Fast Refresh] done in 57ms @ http://localhost:3000/_next/static/chunks/adf63_next_dist_dea78a15._.js:2297
[  121626ms] [ERROR] Access to XMLHttpRequest at 'https://medizins.com/admin/Orders/SearchOrders?id_group=01ks6f5cqtes4mtwtmqcyg6wn5&id_pharmacy=01ks6fz9yxr6eam695w78qejy8' from origin 'http://localhost:3000' has been blocked by CORS policy: No 'Access-Control-Allow-Origin' header is present on the requested resource. @ http://localhost:3000/marketplace:0
[  121627ms] [ERROR] Failed to load resource: net::ERR_FAILED @ https://medizins.com/admin/Orders/SearchOrders?id_group=01ks6f5cqtes4mtwtmqcyg6wn5&id_pharmacy=01ks6fz9yxr6eam695w78qejy8:0
[  123436ms] [ERROR] Access to XMLHttpRequest at 'https://medizins.com/admin/Orders/marketplace/pending?pharmacy_id=01ks6fz9yxr6eam695w78qejy8' from origin 'http://localhost:3000' has been blocked by CORS policy: No 'Access-Control-Allow-Origin' header is present on the requested resource. @ http://localhost:3000/marketplace:0
[  123436ms] [ERROR] Failed to load resource: net::ERR_FAILED @ https://medizins.com/admin/Orders/marketplace/pending?pharmacy_id=01ks6fz9yxr6eam695w78qejy8:0
